<?xml version="1.0" encoding="UTF-8"?>
<!-- Generated by org.testng.reporters.JUnitXMLReporter -->
<testsuite ignored="11" hostname="ASUS" failures="1" tests="2" name="Parallel Broken Image and Link Tests" time="53.02" errors="0" timestamp="2024-09-15T05:50:29 IST">
  <testcase classname="testcases.FirstTest" name="checkingBrokenImages" time="2.106"/>
  <testcase classname="testcases.FirstTest" name="checkingBrokenLinks" time="50.586">
    <failure type="java.lang.AssertionError" message="The following asserts failed:
	Broken Link: https://softwaretestingboard.com/magento-store-notes/?utm_source=magento_store&amp;amp;utm_medium=banner&amp;amp;utm_campaign=notes_promo&amp;amp;utm_id=notes_promotion - Response code: 406,
	Broken Link: https://softwaretestingboard.com/practice-api-testing-using-magento-2/?utm_source=magento_store&amp;amp;utm_medium=banner&amp;amp;utm_campaign=notes_promo&amp;amp;utm_id=API_Testing_Promo - Response code: 406,
	Broken Link: https://softwaretestingboard.com/write-for-us/?utm_source=magento_store&amp;amp;utm_medium=banner&amp;amp;utm_campaign=notes_promo&amp;amp;utm_id=write4us - Response code: 406,
	Broken Link: https://softwaretestingboard.com/subscribe/?utm_source=magento_store&amp;amp;utm_medium=banner&amp;amp;utm_campaign=notes_promo&amp;amp;utm_id=email_subscribe - Response code: 406">
      <![CDATA[java.lang.AssertionError: The following asserts failed:
Broken Link: https://softwaretestingboard.com/magento-store-notes/?utm_source=magento_store&utm_medium=banner&utm_campaign=notes_promo&utm_id=notes_promotion - Response code: 406,
Broken Link: https://softwaretestingboard.com/practice-api-testing-using-magento-2/?utm_source=magento_store&utm_medium=banner&utm_campaign=notes_promo&utm_id=API_Testing_Promo - Response code: 406,
Broken Link: https://softwaretestingboard.com/write-for-us/?utm_source=magento_store&utm_medium=banner&utm_campaign=notes_promo&utm_id=write4us - Response code: 406,
Broken Link: https://softwaretestingboard.com/subscribe/?utm_source=magento_store&utm_medium=banner&utm_campaign=notes_promo&utm_id=email_subscribe - Response code: 406
at testcases.FirstTest.checkingBrokenLinks(FirstTest.java:190)
at java.base/java.util.concurrent.Executors$RunnableAdapter.call(Executors.java:572)
at java.base/java.util.concurrent.FutureTask.run(FutureTask.java:317)
at java.base/java.util.concurrent.ThreadPoolExecutor.runWorker(ThreadPoolExecutor.java:1144)
at java.base/java.util.concurrent.ThreadPoolExecutor$Worker.run(ThreadPoolExecutor.java:642)
at java.base/java.lang.Thread.run(Thread.java:1570)
... Removed 13 stack frames]]>
    </failure>
  </testcase> <!-- checkingBrokenLinks -->
  <testcase classname="testcases.FirstTest" name="searchBarEditing" time="0.0">
    <ignored/>
  </testcase> <!-- searchBarEditing -->
  <testcase classname="testcases.FirstTest" name="checkoutItemsInTheCart" time="0.0">
    <ignored/>
  </testcase> <!-- checkoutItemsInTheCart -->
  <testcase classname="testcases.FirstTest" name="allPairTesting" time="0.0">
    <ignored/>
  </testcase> <!-- allPairTesting -->
  <testcase classname="testcases.FirstTest" name="editCart" time="0.0">
    <ignored/>
  </testcase> <!-- editCart -->
  <testcase classname="testcases.FirstTest" name="removeItemFromCart" time="0.0">
    <ignored/>
  </testcase> <!-- removeItemFromCart -->
  <testcase classname="testcases.FirstTest" name="addItemsToCart" time="0.0">
    <ignored/>
  </testcase> <!-- addItemsToCart -->
  <testcase classname="testcases.FirstTest" name="refreshingCart" time="0.0">
    <ignored/>
  </testcase> <!-- refreshingCart -->
  <testcase classname="testcases.FirstTest" name="verifyProductImageColorAgainstSelectedColor" time="0.0">
    <ignored/>
  </testcase> <!-- verifyProductImageColorAgainstSelectedColor -->
  <testcase classname="testcases.FirstTest" name="searchFunctionality" time="0.0">
    <ignored/>
  </testcase> <!-- searchFunctionality -->
  <testcase classname="testcases.FirstTest" name="checkTheTotalAmount" time="0.0">
    <ignored/>
  </testcase> <!-- checkTheTotalAmount -->
  <testcase classname="testcases.FirstTest" name="verifyTitle" time="0.0">
    <ignored/>
  </testcase> <!-- verifyTitle -->
</testsuite> <!-- Parallel Broken Image and Link Tests -->
