<?xml version="1.0" encoding="UTF-8"?>
<!-- Generated by org.testng.reporters.JUnitXMLReporter -->
<testsuite ignored="2" hostname="ASUS" failures="1" tests="11" name="Sequential UI Tests" time="78.91" errors="0" timestamp="2024-09-15T05:50:55 IST">
  <testcase classname="testcases.FirstTest" name="verifyTitle" time="0.049"/>
  <testcase classname="testcases.FirstTest" name="searchBarEditing" time="0.505"/>
  <testcase classname="testcases.FirstTest" name="searchFunctionality" time="1.209"/>
  <testcase classname="testcases.FirstTest" name="addItemsToCart" time="5.968"/>
  <testcase classname="testcases.FirstTest" name="editCart" time="11.492"/>
  <testcase classname="testcases.FirstTest" name="removeItemFromCart" time="4.704"/>
  <testcase classname="testcases.FirstTest" name="allPairTesting" time="29.196"/>
  <testcase classname="testcases.FirstTest" name="verifyProductImageColorAgainstSelectedColor" time="0.152">
    <failure type="java.lang.AssertionError" message="The following asserts failed:
	Color in cart (black) does not match or is not contained in image URL (https://magento.softwaretestingboard.com/pub/media/catalog/product/cache/b45fda5d42e04db84d57ecfd089c603c/m/j/mj12-orange_main_1.jpg) expected [true] but found [false],
	Color in cart (blue) does not match or is not contained in image URL (https://magento.softwaretestingboard.com/pub/media/catalog/product/cache/b45fda5d42e04db84d57ecfd089c603c/m/j/mj12-orange_main_1.jpg) expected [true] but found [false],
	Color in cart (black) does not match or is not contained in image URL (https://magento.softwaretestingboard.com/pub/media/catalog/product/cache/b45fda5d42e04db84d57ecfd089c603c/m/j/mj12-orange_main_1.jpg) expected [true] but found [false],
	Color in cart (blue) does not match or is not contained in image URL (https://magento.softwaretestingboard.com/pub/media/catalog/product/cache/b45fda5d42e04db84d57ecfd089c603c/m/j/mj12-orange_main_1.jpg) expected [true] but found [false]">
      <![CDATA[java.lang.AssertionError: The following asserts failed:
Color in cart (black) does not match or is not contained in image URL (https://magento.softwaretestingboard.com/pub/media/catalog/product/cache/b45fda5d42e04db84d57ecfd089c603c/m/j/mj12-orange_main_1.jpg) expected [true] but found [false],
Color in cart (blue) does not match or is not contained in image URL (https://magento.softwaretestingboard.com/pub/media/catalog/product/cache/b45fda5d42e04db84d57ecfd089c603c/m/j/mj12-orange_main_1.jpg) expected [true] but found [false],
Color in cart (black) does not match or is not contained in image URL (https://magento.softwaretestingboard.com/pub/media/catalog/product/cache/b45fda5d42e04db84d57ecfd089c603c/m/j/mj12-orange_main_1.jpg) expected [true] but found [false],
Color in cart (blue) does not match or is not contained in image URL (https://magento.softwaretestingboard.com/pub/media/catalog/product/cache/b45fda5d42e04db84d57ecfd089c603c/m/j/mj12-orange_main_1.jpg) expected [true] but found [false]
at testcases.FirstTest.verifyCartItemColor(FirstTest.java:422)
at testcases.FirstTest.verifyProductImageColorAgainstSelectedColor(FirstTest.java:390)
at java.base/java.util.ArrayList.forEach(ArrayList.java:1597)
at java.base/java.util.concurrent.FutureTask.run(FutureTask.java:317)
at java.base/java.util.concurrent.ThreadPoolExecutor.runWorker(ThreadPoolExecutor.java:1144)
at java.base/java.util.concurrent.ThreadPoolExecutor$Worker.run(ThreadPoolExecutor.java:642)
at java.base/java.lang.Thread.run(Thread.java:1570)
... Removed 17 stack frames]]>
    </failure>
  </testcase> <!-- verifyProductImageColorAgainstSelectedColor -->
  <testcase classname="testcases.FirstTest" name="checkTheTotalAmount" time="4.024"/>
  <testcase classname="testcases.FirstTest" name="refreshingCart" time="2.94"/>
  <testcase classname="testcases.FirstTest" name="checkoutItemsInTheCart" time="18.431"/>
  <testcase classname="testcases.FirstTest" name="checkingBrokenLinks" time="0.0">
    <ignored/>
  </testcase> <!-- checkingBrokenLinks -->
  <testcase classname="testcases.FirstTest" name="checkingBrokenImages" time="0.0">
    <ignored/>
  </testcase> <!-- checkingBrokenImages -->
</testsuite> <!-- Sequential UI Tests -->
