<?xml version="1.0" encoding="UTF-8"?>
<!-- Generated by org.testng.reporters.JUnitXMLReporter -->
<testsuite ignored="4" hostname="ASUS" failures="2" tests="9" name="Test" time="39.426" errors="0" timestamp="2024-09-13T00:17:52 IST">
  <testcase classname="testcases.FirstTest" name="verifyTitle" time="0.012"/>
  <testcase classname="testcases.FirstTest" name="searchBarEditing" time="0.539"/>
  <testcase classname="testcases.FirstTest" name="searchFunctionality" time="1.945"/>
  <testcase classname="testcases.FirstTest" name="addItemsToCart" time="6.212"/>
  <testcase classname="testcases.FirstTest" name="editCart" time="10.614"/>
  <testcase classname="testcases.FirstTest" name="removeItemFromCart" time="3.855"/>
  <testcase classname="testcases.FirstTest" name="allPairTesting" time="10.178">
    <failure type="org.openqa.selenium.StaleElementReferenceException" message="stale element reference: stale element not found
  (Session info: chrome=116.0.5845.96)
For documentation on this error, please visit: https://www.selenium.dev/documentation/webdriver/troubleshooting/errors#stale-element-reference-exception
Build info: version: &amp;apos;4.15.0&amp;apos;, revision: &amp;apos;1d14b5521b&amp;apos;
System info: os.name: &amp;apos;Windows 11&amp;apos;, os.arch: &amp;apos;amd64&amp;apos;, os.version: &amp;apos;10.0&amp;apos;, java.version: &amp;apos;22.0.2&amp;apos;
Driver info: org.openqa.selenium.chrome.ChromeDriver
Command: [951a84268bac621609ff8b654426b87e, getElementText {id=7F1CBCBC1040D322CE636B112521680B_element_315}]
Capabilities {acceptInsecureCerts: false, browserName: chrome, browserVersion: 116.0.5845.96, chrome: {chromedriverVersion: 116.0.5845.96 (1a3918166880..., userDataDir: C:\Users\shifl\AppData\Loca...}, fedcm:accounts: true, goog:chromeOptions: {debuggerAddress: localhost:63215}, networkConnectionEnabled: false, pageLoadStrategy: normal, platformName: windows, proxy: Proxy(), se:cdp: ws://localhost:63215/devtoo..., se:cdpVersion: 116.0.5845.96, setWindowRect: true, strictFileInteractability: false, timeouts: {implicit: 0, pageLoad: 300000, script: 30000}, unhandledPromptBehavior: dismiss and notify, webauthn:extension:credBlob: true, webauthn:extension:largeBlob: true, webauthn:extension:minPinLength: true, webauthn:extension:prf: true, webauthn:virtualAuthenticators: true}
Element: [[ChromeDriver: chrome on windows (951a84268bac621609ff8b654426b87e)] -&amp;gt; css selector: #maincontent &amp;gt; div.page.messages &amp;gt; div:nth-child(2) &amp;gt; div &amp;gt; div &amp;gt; div]
Session ID: 951a84268bac621609ff8b654426b87e">
      <![CDATA[org.openqa.selenium.StaleElementReferenceException: stale element reference: stale element not found
  (Session info: chrome=116.0.5845.96)
For documentation on this error, please visit: https://www.selenium.dev/documentation/webdriver/troubleshooting/errors#stale-element-reference-exception
Build info: version: '4.15.0', revision: '1d14b5521b'
System info: os.name: 'Windows 11', os.arch: 'amd64', os.version: '10.0', java.version: '22.0.2'
Driver info: org.openqa.selenium.chrome.ChromeDriver
Command: [951a84268bac621609ff8b654426b87e, getElementText {id=7F1CBCBC1040D322CE636B112521680B_element_315}]
Capabilities {acceptInsecureCerts: false, browserName: chrome, browserVersion: 116.0.5845.96, chrome: {chromedriverVersion: 116.0.5845.96 (1a3918166880..., userDataDir: C:\Users\shifl\AppData\Loca...}, fedcm:accounts: true, goog:chromeOptions: {debuggerAddress: localhost:63215}, networkConnectionEnabled: false, pageLoadStrategy: normal, platformName: windows, proxy: Proxy(), se:cdp: ws://localhost:63215/devtoo..., se:cdpVersion: 116.0.5845.96, setWindowRect: true, strictFileInteractability: false, timeouts: {implicit: 0, pageLoad: 300000, script: 30000}, unhandledPromptBehavior: dismiss and notify, webauthn:extension:credBlob: true, webauthn:extension:largeBlob: true, webauthn:extension:minPinLength: true, webauthn:extension:prf: true, webauthn:virtualAuthenticators: true}
Element: [[ChromeDriver: chrome on windows (951a84268bac621609ff8b654426b87e)] -> css selector: #maincontent > div.page.messages > div:nth-child(2) > div > div > div]
Session ID: 951a84268bac621609ff8b654426b87e
at org.openqa.selenium.remote.codec.w3c.W3CHttpResponseCodec.createException(W3CHttpResponseCodec.java:200)
at org.openqa.selenium.remote.codec.w3c.W3CHttpResponseCodec.decode(W3CHttpResponseCodec.java:133)
at org.openqa.selenium.remote.codec.w3c.W3CHttpResponseCodec.decode(W3CHttpResponseCodec.java:52)
at org.openqa.selenium.remote.HttpCommandExecutor.execute(HttpCommandExecutor.java:191)
at org.openqa.selenium.remote.service.DriverCommandExecutor.invokeExecute(DriverCommandExecutor.java:200)
at org.openqa.selenium.remote.service.DriverCommandExecutor.execute(DriverCommandExecutor.java:175)
at org.openqa.selenium.remote.RemoteWebDriver.execute(RemoteWebDriver.java:607)
at org.openqa.selenium.remote.RemoteWebElement.execute(RemoteWebElement.java:224)
at org.openqa.selenium.remote.RemoteWebElement.getText(RemoteWebElement.java:192)
at org.openqa.selenium.support.pagefactory.internal.LocatingElementHandler.invoke(LocatingElementHandler.java:51)
at jdk.proxy2/jdk.proxy2.$Proxy19.getText(Unknown Source)
at testcases.FirstTest.performAddToCartTest(FirstTest.java:325)
at testcases.FirstTest.allPairTesting(FirstTest.java:294)
at java.base/java.util.ArrayList.forEach(ArrayList.java:1597)
... Removed 30 stack frames]]>
    </failure>
  </testcase> <!-- allPairTesting -->
  <testcase classname="testcases.FirstTest" name="checkTheTotalAmount" time="2.799"/>
  <testcase classname="testcases.FirstTest" name="refreshingCart" time="2.939">
    <failure type="java.lang.AssertionError" message="expected [5] but found [0]">
      <![CDATA[java.lang.AssertionError: expected [5] but found [0]
at testcases.FirstTest.refreshingCart(FirstTest.java:358)
at java.base/java.util.ArrayList.forEach(ArrayList.java:1597)
... Removed 32 stack frames]]>
    </failure>
  </testcase> <!-- refreshingCart -->
  <testcase classname="testcases.FirstTest" name="checkingBrokenImages" time="0.0">
    <ignored/>
  </testcase> <!-- checkingBrokenImages -->
  <testcase classname="base.BaseClass" name="@BeforeSuite startBrowser" time="0.0">
    <ignored/>
  </testcase> <!-- @BeforeSuite startBrowser -->
  <testcase classname="base.BaseClass" name="@AfterSuite endBrowser" time="0.0">
    <ignored/>
  </testcase> <!-- @AfterSuite endBrowser -->
  <testcase classname="testcases.FirstTest" name="checkingBrokenLinks" time="0.0">
    <ignored/>
  </testcase> <!-- checkingBrokenLinks -->
</testsuite> <!-- Test -->
