<?xml version="1.0" encoding="UTF-8"?>
<!-- Generated by org.testng.reporters.JUnitReportReporter -->
<testsuite hostname="ASUS" failures="2" tests="13" name="testcases.FirstTest" time="131.362" errors="0" timestamp="2024-09-15T05:50:55 IST" skipped="0">
  <testcase classname="testcases.FirstTest" name="verifyTitle" time="0.049"/>
  <testcase classname="testcases.FirstTest" name="searchBarEditing" time="0.505"/>
  <testcase classname="testcases.FirstTest" name="searchFunctionality" time="1.209"/>
  <testcase classname="testcases.FirstTest" name="checkingBrokenImages" time="2.106"/>
  <testcase classname="testcases.FirstTest" name="checkingBrokenLinks" time="50.586">
    <failure message="The following asserts failed:
	Broken Link: https://softwaretestingboard.com/magento-store-notes/?utm_source=magento_store&amp;utm_medium=banner&amp;utm_campaign=notes_promo&amp;utm_id=notes_promotion - Response code: 406,
	Broken Link: https://softwaretestingboard.com/practice-api-testing-using-magento-2/?utm_source=magento_store&amp;utm_medium=banner&amp;utm_campaign=notes_promo&amp;utm_id=API_Testing_Promo - Response code: 406,
	Broken Link: https://softwaretestingboard.com/write-for-us/?utm_source=magento_store&amp;utm_medium=banner&amp;utm_campaign=notes_promo&amp;utm_id=write4us - Response code: 406,
	Broken Link: https://softwaretestingboard.com/subscribe/?utm_source=magento_store&amp;utm_medium=banner&amp;utm_campaign=notes_promo&amp;utm_id=email_subscribe - Response code: 406" type="java.lang.AssertionError">
      <![CDATA[java.lang.AssertionError: The following asserts failed:
Broken Link: https://softwaretestingboard.com/magento-store-notes/?utm_source=magento_store&utm_medium=banner&utm_campaign=notes_promo&utm_id=notes_promotion - Response code: 406,
Broken Link: https://softwaretestingboard.com/practice-api-testing-using-magento-2/?utm_source=magento_store&utm_medium=banner&utm_campaign=notes_promo&utm_id=API_Testing_Promo - Response code: 406,
Broken Link: https://softwaretestingboard.com/write-for-us/?utm_source=magento_store&utm_medium=banner&utm_campaign=notes_promo&utm_id=write4us - Response code: 406,
Broken Link: https://softwaretestingboard.com/subscribe/?utm_source=magento_store&utm_medium=banner&utm_campaign=notes_promo&utm_id=email_subscribe - Response code: 406
at org.testng.asserts.SoftAssert.assertAll(SoftAssert.java:46)
at org.testng.asserts.SoftAssert.assertAll(SoftAssert.java:30)
at testcases.FirstTest.checkingBrokenLinks(FirstTest.java:190)
at java.base/jdk.internal.reflect.DirectMethodHandleAccessor.invoke(DirectMethodHandleAccessor.java:103)
at java.base/java.lang.reflect.Method.invoke(Method.java:580)
at org.testng.internal.invokers.MethodInvocationHelper.invokeMethod(MethodInvocationHelper.java:141)
at org.testng.internal.invokers.TestInvoker.invokeMethod(TestInvoker.java:686)
at org.testng.internal.invokers.TestInvoker.invokeTestMethod(TestInvoker.java:230)
at org.testng.internal.invokers.MethodRunner.runInSequence(MethodRunner.java:63)
at org.testng.internal.invokers.TestInvoker$MethodInvocationAgent.invoke(TestInvoker.java:992)
at org.testng.internal.invokers.TestInvoker.invokeTestMethods(TestInvoker.java:203)
at org.testng.internal.invokers.TestMethodWorker.invokeTestMethods(TestMethodWorker.java:154)
at org.testng.internal.invokers.TestMethodWorker.run(TestMethodWorker.java:134)
at java.base/java.util.concurrent.Executors$RunnableAdapter.call(Executors.java:572)
at java.base/java.util.concurrent.FutureTask.run(FutureTask.java:317)
at org.testng.internal.thread.graph.TestNGFutureTask.run(TestNGFutureTask.java:22)
at java.base/java.util.concurrent.ThreadPoolExecutor.runWorker(ThreadPoolExecutor.java:1144)
at java.base/java.util.concurrent.ThreadPoolExecutor$Worker.run(ThreadPoolExecutor.java:642)
at java.base/java.lang.Thread.run(Thread.java:1570)
]]>
    </failure>
  </testcase> <!-- checkingBrokenLinks -->
  <testcase classname="testcases.FirstTest" name="addItemsToCart" time="5.968"/>
  <testcase classname="testcases.FirstTest" name="editCart" time="11.492"/>
  <testcase classname="testcases.FirstTest" name="removeItemFromCart" time="4.704"/>
  <testcase classname="testcases.FirstTest" name="allPairTesting" time="29.196"/>
  <testcase classname="testcases.FirstTest" name="verifyProductImageColorAgainstSelectedColor" time="0.152">
    <failure message="The following asserts failed:
	Color in cart (black) does not match or is not contained in image URL (https://magento.softwaretestingboard.com/pub/media/catalog/product/cache/b45fda5d42e04db84d57ecfd089c603c/m/j/mj12-orange_main_1.jpg) expected [true] but found [false],
	Color in cart (blue) does not match or is not contained in image URL (https://magento.softwaretestingboard.com/pub/media/catalog/product/cache/b45fda5d42e04db84d57ecfd089c603c/m/j/mj12-orange_main_1.jpg) expected [true] but found [false],
	Color in cart (black) does not match or is not contained in image URL (https://magento.softwaretestingboard.com/pub/media/catalog/product/cache/b45fda5d42e04db84d57ecfd089c603c/m/j/mj12-orange_main_1.jpg) expected [true] but found [false],
	Color in cart (blue) does not match or is not contained in image URL (https://magento.softwaretestingboard.com/pub/media/catalog/product/cache/b45fda5d42e04db84d57ecfd089c603c/m/j/mj12-orange_main_1.jpg) expected [true] but found [false]" type="java.lang.AssertionError">
      <![CDATA[java.lang.AssertionError: The following asserts failed:
Color in cart (black) does not match or is not contained in image URL (https://magento.softwaretestingboard.com/pub/media/catalog/product/cache/b45fda5d42e04db84d57ecfd089c603c/m/j/mj12-orange_main_1.jpg) expected [true] but found [false],
Color in cart (blue) does not match or is not contained in image URL (https://magento.softwaretestingboard.com/pub/media/catalog/product/cache/b45fda5d42e04db84d57ecfd089c603c/m/j/mj12-orange_main_1.jpg) expected [true] but found [false],
Color in cart (black) does not match or is not contained in image URL (https://magento.softwaretestingboard.com/pub/media/catalog/product/cache/b45fda5d42e04db84d57ecfd089c603c/m/j/mj12-orange_main_1.jpg) expected [true] but found [false],
Color in cart (blue) does not match or is not contained in image URL (https://magento.softwaretestingboard.com/pub/media/catalog/product/cache/b45fda5d42e04db84d57ecfd089c603c/m/j/mj12-orange_main_1.jpg) expected [true] but found [false]
at org.testng.asserts.SoftAssert.assertAll(SoftAssert.java:46)
at org.testng.asserts.SoftAssert.assertAll(SoftAssert.java:30)
at testcases.FirstTest.verifyCartItemColor(FirstTest.java:422)
at testcases.FirstTest.verifyProductImageColorAgainstSelectedColor(FirstTest.java:390)
at java.base/jdk.internal.reflect.DirectMethodHandleAccessor.invoke(DirectMethodHandleAccessor.java:103)
at java.base/java.lang.reflect.Method.invoke(Method.java:580)
at org.testng.internal.invokers.MethodInvocationHelper.invokeMethod(MethodInvocationHelper.java:141)
at org.testng.internal.invokers.TestInvoker.invokeMethod(TestInvoker.java:686)
at org.testng.internal.invokers.TestInvoker.invokeTestMethod(TestInvoker.java:230)
at org.testng.internal.invokers.MethodRunner.runInSequence(MethodRunner.java:63)
at org.testng.internal.invokers.TestInvoker$MethodInvocationAgent.invoke(TestInvoker.java:992)
at org.testng.internal.invokers.TestInvoker.invokeTestMethods(TestInvoker.java:203)
at org.testng.internal.invokers.TestMethodWorker.invokeTestMethods(TestMethodWorker.java:154)
at org.testng.internal.invokers.TestMethodWorker.run(TestMethodWorker.java:134)
at java.base/java.util.ArrayList.forEach(ArrayList.java:1597)
at org.testng.TestRunner.privateRun(TestRunner.java:739)
at org.testng.TestRunner.run(TestRunner.java:614)
at org.testng.SuiteRunner.runTest(SuiteRunner.java:421)
at org.testng.SuiteRunner$SuiteWorker.run(SuiteRunner.java:463)
at org.testng.internal.thread.ThreadUtil.lambda$execute$0(ThreadUtil.java:64)
at java.base/java.util.concurrent.FutureTask.run(FutureTask.java:317)
at java.base/java.util.concurrent.ThreadPoolExecutor.runWorker(ThreadPoolExecutor.java:1144)
at java.base/java.util.concurrent.ThreadPoolExecutor$Worker.run(ThreadPoolExecutor.java:642)
at java.base/java.lang.Thread.run(Thread.java:1570)
]]>
    </failure>
  </testcase> <!-- verifyProductImageColorAgainstSelectedColor -->
  <testcase classname="testcases.FirstTest" name="checkTheTotalAmount" time="4.024"/>
  <testcase classname="testcases.FirstTest" name="refreshingCart" time="2.940"/>
  <testcase classname="testcases.FirstTest" name="checkoutItemsInTheCart" time="18.431"/>
</testsuite> <!-- testcases.FirstTest -->
